2014-12-12 13:56:32.864+0000 INFO  [org.neo4j]: No locking implementation specified, defaulting to 'community'
2014-12-12 13:56:32.998+0000 INFO  [org.neo4j]: --- INITIALIZED diagnostics START ---
2014-12-12 13:56:33.000+0000 INFO  [org.neo4j]: Neo4j Kernel properties:
    neostore.propertystore.db.mapped_memory=81M
    neostore.nodestore.db.mapped_memory=22M
    neostore.relationshipstore.db.mapped_memory=100M
    neostore.propertystore.db.strings.mapped_memory=69M
    store_dir=var/demoGraphDb
    neostore.propertystore.db.arrays.mapped_memory=79M
    ephemeral=false
2014-12-12 13:56:33.010+0000 INFO  [org.neo4j]: Diagnostics providers:
    org.neo4j.kernel.configuration.Config
    org.neo4j.kernel.info.DiagnosticsManager
    SYSTEM_MEMORY
    JAVA_MEMORY
    OPERATING_SYSTEM
    JAVA_VIRTUAL_MACHINE
    CLASSPATH
    LIBRARY_PATH
    SYSTEM_PROPERTIES
    NETWORK
2014-12-12 13:56:33.011+0000 INFO  [org.neo4j]: System memory information:
    Total Physical memory: 5.86 GB
    Free Physical memory: 3.03 GB
    Committed virtual memory: 203.62 MB
    Total swap space: 7.02 GB
    Free swap space: 2.76 GB
2014-12-12 13:56:33.017+0000 INFO  [org.neo4j]: JVM memory information:
    Free  memory: 73.53 MB
    Total memory: 90.50 MB
    Max   memory: 1.30 GB
    Garbage Collector: PS Scavenge: [PS Eden Space, PS Survivor Space]
    Garbage Collector: PS MarkSweep: [PS Eden Space, PS Survivor Space, PS Old Gen, PS Perm Gen]
    Memory Pool: Code Cache (Non-heap memory): committed=2.44 MB, used=507.00 kB, max=48.00 MB, threshold=0.00 B
    Memory Pool: PS Eden Space (Heap memory): committed=24.50 MB, used=17.46 MB, max=494.00 MB, threshold=?
    Memory Pool: PS Survivor Space (Heap memory): committed=3.50 MB, used=0.00 B, max=3.50 MB, threshold=?
    Memory Pool: PS Old Gen (Heap memory): committed=62.50 MB, used=0.00 B, max=1001.00 MB, threshold=0.00 B
    Memory Pool: PS Perm Gen (Non-heap memory): committed=21.00 MB, used=6.35 MB, max=82.00 MB, threshold=0.00 B
2014-12-12 13:56:33.023+0000 INFO  [org.neo4j]: Operating system information:
    Operating System: Windows 8; version: 6.2; arch: amd64; cpus: 4
    Process id: 16632@PC201410252116
    Byte order: LITTLE_ENDIAN
    Local timezone: Asia/Shanghai
2014-12-12 13:56:33.036+0000 INFO  [org.neo4j]: JVM information:
    VM Name: Java HotSpot(TM) 64-Bit Server VM
    VM Vendor: Oracle Corporation
    VM Version: 24.51-b03
    JIT compiler: HotSpot 64-Bit Tiered Compilers
    VM Arguments: [-Dfile.encoding=GBK]
2014-12-12 13:56:33.037+0000 INFO  [org.neo4j]: Java classpath:
     [bootstrap] C:\Program Files\Java\jre7\lib\resources.jar
     [classpath] D:\java\java programme\SRTP_Try_Version3\dongLib\geronimo-jta_1.1_spec-1.1.1.jar
     [loader.1] file:/C:/Program%20Files/Java/jre7/lib/ext/zipfs.jar
     [loader.0] file:/D:/java/java%20programme/SRTP_Try_Version3/dongLib/neo4j-cypher-compiler-2.0-2.0.3.jar
     [loader.1] file:/C:/Program%20Files/Java/jre7/lib/ext/jaccess.jar
     [loader.0] file:/D:/java/java%20programme/SRTP_Try_Version3/dongLib/astLib/org.eclipse.equinox.common_3.6.0.v20100503.jar
     [classpath] D:\java\java programme\SRTP_Try_Version3\dongLib\neo4j-cypher-commons-2.1.4.jar
     [loader.0] file:/D:/java/java%20programme/SRTP_Try_Version3/dongLib/server-api-2.1.4.jar
     [bootstrap] C:\Program Files\Java\jre7\lib\jsse.jar
     [classpath] D:\java\java programme\SRTP_Try_Version3\dongLib\astLib\org.eclipse.jface.text_3.8.2.v20121126-164145.jar
     [classpath] D:\java\java programme\SRTP_Try_Version3\dongLib\astLib\org.eclipse.jdt.core_3.6.0.v_A58.jar
     [loader.0] file:/D:/java/java%20programme/SRTP_Try_Version3/dongLib/neo4j-graph-algo-2.1.4.jar
     [loader.0] file:/D:/java/java%20programme/SRTP_Try_Version3/dongLib/neo4j-cypher-compiler-1.9-2.0.3.jar
     [classpath] D:\java\java programme\SRTP_Try_Version3\dongLib\astLib\org.eclipse.core.resources_3.6.0.v20100526-0737.jar
     [classpath] D:\java\java programme\SRTP_Try_Version3\dongLib\org.apache.servicemix.bundles.jline-0.9.94_1.jar
     [classpath] D:\java\java programme\SRTP_Try_Version3\dongLib\lucene-core-3.6.2.jar
     [loader.0] file:/D:/java/java%20programme/SRTP_Try_Version3/dongLib/astLib/org.eclipse.jface.databinding_1.6.0.v20120912-132807.jar
     [loader.0] file:/D:/java/java%20programme/SRTP_Try_Version3/dongLib/astLib/org.eclipse.core.resources_3.6.0.v20100526-0737.jar
     [loader.0] file:/D:/java/java%20programme/SRTP_Try_Version3/dongLib/neo4j-kernel-2.1.4.jar
     [loader.0] file:/D:/java/java%20programme/SRTP_Try_Version3/dongLib/parboiled-core-1.1.6.jar
     [loader.0] file:/D:/java/java%20programme/SRTP_Try_Version3/dongLib/neo4j-shell-2.1.4.jar
     [classpath] D:\java\java programme\SRTP_Try_Version3\dongLib\neo4j-graph-algo-2.1.4.jar
     [classpath + loader.0] file:/C:/Users/Administrator/git/dongge/SRTP_Try_Version_5/bin/
     [loader.0] file:/D:/java/java%20programme/SRTP_Try_Version3/dongLib/astLib/org.eclipse.jdt.core_3.6.0.v_A58.jar
     [classpath] D:\java\java programme\SRTP_Try_Version3\dongLib\parboiled-core-1.1.6.jar
     [loader.0] file:/D:/java/java%20programme/SRTP_Try_Version3/dongLib/opencsv-2.0.jar
     [loader.0] file:/D:/java/java%20programme/SRTP_Try_Version3/dongLib/geronimo-jta_1.1_spec-1.1.1.jar
     [loader.0] file:/D:/java/java%20programme/SRTP_Try_Version3/dongLib/neo4j-primitive-collections-2.1.4.jar
     [loader.0] file:/D:/java/java%20programme/SRTP_Try_Version3/dongLib/astLib/org.eclipse.jface.text_3.8.2.v20121126-164145.jar
     [loader.0] file:/D:/java/java%20programme/SRTP_Try_Version3/dongLib/astLib/org.eclipse.equinox.preferences_3.3.0.v20100503.jar
     [bootstrap] C:\Program Files\Java\jre7\lib\jce.jar
     [loader.0] file:/D:/java/java%20programme/SRTP_Try_Version3/dongLib/astLib/server-api-2.1.0-M01.jar
     [classpath] D:\java\java programme\SRTP_Try_Version3\dongLib\neo4j-cypher-compiler-2.1-2.1.4.jar
     [loader.0] file:/D:/java/java%20programme/SRTP_Try_Version3/dongLib/org.apache.servicemix.bundles.jline-0.9.94_1.jar
     [bootstrap] C:\Program Files\Java\jre7\lib\sunrsasign.jar
     [classpath] D:\java\java programme\SRTP_Try_Version3\dongLib\neo4j-cypher-compiler-2.0-2.0.3.jar
     [loader.0] file:/D:/java/java%20programme/SRTP_Try_Version3/dongLib/parboiled-scala_2.10-1.1.6.jar
     [classpath] D:\java\java programme\SRTP_Try_Version3\dongLib\neo4j-cypher-compiler-1.9-2.0.3.jar
     [loader.1] file:/C:/Program%20Files/Java/jre7/lib/ext/dnsns.jar
     [classpath] D:\java\java programme\SRTP_Try_Version3\dongLib\astLib\org.eclipse.jface.databinding_1.6.0.v20120912-132807.jar
     [loader.0] file:/D:/java/java%20programme/SRTP_Try_Version3/dongLib/astLib/org.eclipse.osgi_3.6.0.v20100517.jar
     [classpath] D:\java\java programme\SRTP_Try_Version3\dongLib\astLib\org.eclipse.core.jobs_3.5.0.v20100515.jar
     [classpath] D:\java\java programme\SRTP_Try_Version3\dongLib\concurrentlinkedhashmap-lru-1.3.1.jar
     [loader.0] file:/D:/java/java%20programme/SRTP_Try_Version3/dongLib/astLib/org.eclipse.swt.win32.win32.x86_3.3.0.v3346.jar
     [classpath] D:\java\java programme\SRTP_Try_Version3\dongLib\astLib\org.eclipse.text_3.5.200.v20120523-1310.jar
     [loader.0] file:/D:/java/java%20programme/SRTP_Try_Version3/dongLib/neo4j-graph-matching-2.1.4.jar
     [classpath] D:\java\java programme\SRTP_Try_Version3\dongLib\astLib\org.eclipse.osgi_3.6.0.v20100517.jar
     [loader.0] file:/D:/java/java%20programme/SRTP_Try_Version3/dongLib/neo4j-udc-2.1.4.jar
     [bootstrap] C:\Program Files\Java\jre7\classes
     [loader.0] file:/D:/java/java%20programme/SRTP_Try_Version3/dongLib/scala-library-2.10.4.jar
     [loader.0] file:/D:/java/java%20programme/SRTP_Try_Version3/dongLib/neo4j-jmx-2.1.4.jar
     [classpath] D:\java\java programme\SRTP_Try_Version3\dongLib\neo4j-udc-2.1.4.jar
     [classpath] D:\java\java programme\SRTP_Try_Version3\dongLib\astLib\org.eclipse.jface_3.8.102.v20130123-162658.jar
     [bootstrap] C:\Program Files\Java\jre7\lib\jfr.jar
     [loader.0] file:/D:/java/java%20programme/SRTP_Try_Version3/dongLib/concurrentlinkedhashmap-lru-1.3.1.jar
     [loader.0] file:/D:/java/java%20programme/SRTP_Try_Version3/dongLib/lucene-core-3.6.2.jar
     [classpath] D:\java\java programme\SRTP_Try_Version3\dongLib\astLib\server-api-2.1.0-M01.jar
     [loader.1] file:/C:/Program%20Files/Java/jre7/lib/ext/sunmscapi.jar
     [loader.0] file:/D:/java/java%20programme/SRTP_Try_Version3/dongLib/astLib/org.eclipse.core.runtime_3.6.0.v20100505.jar
     [classpath] D:\java\java programme\SRTP_Try_Version3\dongLib\server-api-2.1.4.jar
     [classpath] D:\java\java programme\SRTP_Try_Version3\dongLib\astLib\org.eclipse.core.runtime_3.6.0.v20100505.jar
     [bootstrap] C:\Program Files\Java\jre7\lib\rt.jar
     [loader.1] file:/C:/Program%20Files/Java/jre7/lib/ext/access-bridge-64.jar
     [classpath] D:\java\java programme\SRTP_Try_Version3\dongLib\scala-library-2.10.4.jar
     [loader.0] file:/D:/java/java%20programme/SRTP_Try_Version3/dongLib/astLib/org.eclipse.jdt.astview_1.1.8.201108081127.jar
     [classpath] D:\java\java programme\SRTP_Try_Version3\dongLib\neo4j-kernel-2.1.4.jar
     [loader.0] file:/D:/java/java%20programme/SRTP_Try_Version3/dongLib/astLib/org.eclipse.core.jobs_3.5.0.v20100515.jar
     [classpath] D:\java\java programme\SRTP_Try_Version3\dongLib\neo4j-jmx-2.1.4.jar
     [bootstrap] C:\Program Files\Java\jre7\lib\charsets.jar
     [classpath] D:\java\java programme\SRTP_Try_Version3\dongLib\astLib\org.eclipse.core.contenttype_3.4.100.v20100505-1235.jar
     [loader.0] file:/D:/java/java%20programme/SRTP_Try_Version3/dongLib/neo4j-cypher-compiler-2.1-2.1.4.jar
     [loader.0] file:/D:/java/java%20programme/SRTP_Try_Version3/dongLib/neo4j-cypher-commons-2.1.4.jar
     [classpath] D:\java\java programme\SRTP_Try_Version3\dongLib\neo4j-primitive-collections-2.1.4.jar
     [classpath] D:\java\java programme\SRTP_Try_Version3\dongLib\astLib\org.eclipse.jdt.astview_1.1.8.201108081127.jar
     [loader.1] file:/C:/Program%20Files/Java/jre7/lib/ext/localedata.jar
     [loader.0] file:/D:/java/java%20programme/SRTP_Try_Version3/dongLib/astLib/org.eclipse.text_3.5.200.v20120523-1310.jar
     [loader.1] file:/C:/Program%20Files/Java/jre7/lib/ext/sunjce_provider.jar
     [classpath] D:\java\java programme\SRTP_Try_Version3\dongLib\opencsv-2.0.jar
     [loader.0] file:/D:/java/java%20programme/SRTP_Try_Version3/dongLib/neo4j-cypher-2.1.4.jar
     [classpath] D:\java\java programme\SRTP_Try_Version3\dongLib\parboiled-scala_2.10-1.1.6.jar
     [loader.0] file:/D:/java/java%20programme/SRTP_Try_Version3/dongLib/astLib/org.eclipse.jface_3.8.102.v20130123-162658.jar
     [classpath] D:\java\java programme\SRTP_Try_Version3\dongLib\astLib\org.eclipse.equinox.common_3.6.0.v20100503.jar
     [loader.0] file:/D:/java/java%20programme/SRTP_Try_Version3/dongLib/neo4j-lucene-index-2.1.4.jar
     [loader.0] file:/D:/java/java%20programme/SRTP_Try_Version3/dongLib/astLib/org.eclipse.core.contenttype_3.4.100.v20100505-1235.jar
     [classpath] D:\java\java programme\SRTP_Try_Version3\dongLib\astLib\org.eclipse.swt.win32.win32.x86_3.3.0.v3346.jar
     [classpath] D:\java\java programme\SRTP_Try_Version3\dongLib\neo4j-cypher-2.1.4.jar
     [classpath] D:\java\java programme\SRTP_Try_Version3\dongLib\astLib\org.eclipse.equinox.preferences_3.3.0.v20100503.jar
     [classpath] D:\java\java programme\SRTP_Try_Version3\dongLib\neo4j-lucene-index-2.1.4.jar
     [loader.1] file:/C:/Program%20Files/Java/jre7/lib/ext/sunec.jar
     [classpath] D:\java\java programme\SRTP_Try_Version3\dongLib\neo4j-graph-matching-2.1.4.jar
     [classpath] D:\java\java programme\SRTP_Try_Version3\dongLib\neo4j-shell-2.1.4.jar
2014-12-12 13:56:33.047+0000 INFO  [org.neo4j]: Library path:
    C:\Program Files\Java\jre7\bin
    C:\Windows\Sun\Java\bin
    C:\Windows\System32
    C:\Windows
    C:\Program Files (x86)\Intel\iCLS Client
    C:\Program Files\Intel\iCLS Client
    C:\Windows\System32
    C:\Windows
    C:\Windows\System32\wbem
    C:\Windows\System32\WindowsPowerShell\v1.0
    C:\Program Files\Intel\Intel(R) Management Engine Components\DAL
    C:\Program Files (x86)\Intel\Intel(R) Management Engine Components\DAL
    C:\Program Files\Intel\Intel(R) Management Engine Components\IPT
    C:\Program Files (x86)\Intel\Intel(R) Management Engine Components\IPT
    C:\Program Files (x86)\Microsoft SQL Server\90\Tools\Binn
    C:\Program Files\Java\jdk1.7.0_51\bin
    C:\Program Files\Java\jdk1.7.0_51\jre\bin
    C:\Program Files\Apache Software Foundation\Tomcat 8.0\lib
    C:\Program Files\Apache Software Foundation\Tomcat 8.0\bin
    C:\apache-maven-3.2.3\bin
    C:\Program Files (x86)\MySQL\MySQL Server 5.0\bin
    C:\Users\Administrator\git\dongge\SRTP_Try_Version_5
2014-12-12 13:56:33.052+0000 INFO  [org.neo4j]: System.properties:
    sun.boot.library.path = C:\Program Files\Java\jre7\bin
    path.separator = ;
    file.encoding.pkg = sun.io
    user.country = CN
    user.script = 
    sun.java.launcher = SUN_STANDARD
    sun.os.patch.level = 
    user.dir = C:\Users\Administrator\git\dongge\SRTP_Try_Version_5
    user.variant = 
    sun.jnu.encoding = GBK
    sun.management.compiler = HotSpot 64-Bit Tiered Compilers
    user.home = C:\Users\Administrator
    user.timezone = Asia/Shanghai
    file.encoding = GBK
    user.name = Administrator
    sun.java.command = ParseMain
    sun.arch.data.model = 64
    user.language = zh
    awt.toolkit = sun.awt.windows.WToolkit
    file.separator = \
    sun.io.unicode.encoding = UnicodeLittle
    sun.cpu.endian = little
    sun.desktop = windows
    sun.cpu.isalist = amd64
2014-12-12 13:56:33.053+0000 INFO  [org.neo4j]: Network information:
    Interface Software Loopback Interface 1:
        address: 127.0.0.1
        address: 0:0:0:0:0:0:0:1
    Interface Microsoft 内核调试网络适配器:
    Interface Qualcomm Atheros AR8161 PCI-E Gigabit Ethernet Controller (NDIS 6.30):
        address: 223.3.72.152
        address: 2001:da8:1002:300:dea:4613:e2b4:3124
        address: 2001:da8:1002:300:15e4:9a49:9615:6753
        address: fe80:0:0:0:dea:4613:e2b4:3124%3
    Interface Intel(R) Centrino(R) Wireless-N 2230:
        address: 121.249.13.170
        address: 2001:da8:1002:2101:0:0:40c:dd3d
        address: 2001:da8:1002:9101:0:0:60:105a
        address: fe80:0:0:0:9d59:13e0:120b:d05c%4
    Interface Bluetooth 设备(RFCOMM 协议 TDI):
    Interface Bluetooth 设备(个人区域网):
        address: fe80:0:0:0:ed26:7d06:487e:1013%6
    Interface WAN 微型端口(SSTP):
    Interface WAN 微型端口(L2TP):
    Interface WAN Miniport (IKEv2):
    Interface WAN 微型端口(PPTP):
    Interface WAN 微型端口(PPPOE):
    Interface WAN 微型端口(IP):
    Interface WAN 微型端口(IPv6):
    Interface WAN 微型端口(网络监视器):
    Interface Microsoft ISATAP Adapter:
    Interface Microsoft ISATAP Adapter #2:
    Interface Microsoft ISATAP Adapter #3:
    Interface Microsoft 托管网络虚拟适配器:
        address: fe80:0:0:0:b40d:92eb:1807:e4dd%18
    Interface Microsoft ISATAP Adapter #4:
    Interface Teredo Tunneling Pseudo-Interface:
    Interface Microsoft 6to4 Adapter:
    Interface Microsoft ISATAP Adapter #5:
    Interface Qualcomm Atheros AR8161 PCI-E Gigabit Ethernet Controller (NDIS 6.30)-WFP Native MAC Layer LightWeight Filter-0000:
    Interface Qualcomm Atheros AR8161 PCI-E Gigabit Ethernet Controller (NDIS 6.30)-QoS Packet Scheduler-0000:
    Interface Qualcomm Atheros AR8161 PCI-E Gigabit Ethernet Controller (NDIS 6.30)-WFP 802.3 MAC Layer LightWeight Filter-0000:
    Interface Intel(R) Centrino(R) Wireless-N 2230-WFP Native MAC Layer LightWeight Filter-0000:
    Interface Intel(R) Centrino(R) Wireless-N 2230-Virtual WiFi Filter Driver-0000:
    Interface Intel(R) Centrino(R) Wireless-N 2230-Native WiFi Filter Driver-0000:
    Interface Intel(R) Centrino(R) Wireless-N 2230-QoS Packet Scheduler-0000:
    Interface Intel(R) Centrino(R) Wireless-N 2230-WFP 802.3 MAC Layer LightWeight Filter-0000:
    Interface Microsoft 托管网络虚拟适配器-WFP Native MAC Layer LightWeight Filter-0000:
    Interface Microsoft 托管网络虚拟适配器-Native WiFi Filter Driver-0000:
    Interface Microsoft 托管网络虚拟适配器-QoS Packet Scheduler-0000:
    Interface Microsoft 托管网络虚拟适配器-WFP 802.3 MAC Layer LightWeight Filter-0000:
    Interface TAP-Windows Adapter V9:
    Interface TAP-Windows Adapter V9-WFP Native MAC Layer LightWeight Filter-0000:
    Interface TAP-Windows Adapter V9-QoS Packet Scheduler-0000:
    Interface TAP-Windows Adapter V9-WFP 802.3 MAC Layer LightWeight Filter-0000:
2014-12-12 13:56:33.138+0000 INFO  [org.neo4j]: --- INITIALIZED diagnostics END ---
2014-12-12 13:56:33.304+0000 INFO  [org.neo4j]: Creating new db @ var\demoGraphDb\neostore
2014-12-12 13:56:33.400+0000 INFO  [org.neo4j]: [var\demoGraphDb\neostore.relationshiptypestore.db.names] brickCount=0 brickSize=0b mappedMem=0b (storeSize=38b)
2014-12-12 13:56:33.401+0000 INFO  [org.neo4j]: [var\demoGraphDb\neostore.relationshiptypestore.db] brickCount=0 brickSize=0b mappedMem=0b (storeSize=0b)
2014-12-12 13:56:33.402+0000 INFO  [org.neo4j]: var\demoGraphDb\neostore.relationshiptypestore.db.names hit=0 miss=0 switches=0 ooe=0
2014-12-12 13:56:33.404+0000 INFO  [org.neo4j]: var\demoGraphDb\neostore.relationshiptypestore.db hit=0 miss=0 switches=0 ooe=0
2014-12-12 13:56:33.411+0000 INFO  [org.neo4j]: [var\demoGraphDb\neostore.labeltokenstore.db.names] brickCount=0 brickSize=0b mappedMem=0b (storeSize=38b)
2014-12-12 13:56:33.413+0000 INFO  [org.neo4j]: [var\demoGraphDb\neostore.labeltokenstore.db] brickCount=0 brickSize=0b mappedMem=0b (storeSize=0b)
2014-12-12 13:56:33.413+0000 INFO  [org.neo4j]: var\demoGraphDb\neostore.labeltokenstore.db.names hit=0 miss=0 switches=0 ooe=0
2014-12-12 13:56:33.415+0000 INFO  [org.neo4j]: var\demoGraphDb\neostore.labeltokenstore.db hit=0 miss=0 switches=0 ooe=0
2014-12-12 13:56:33.424+0000 INFO  [org.neo4j]: [var\demoGraphDb\neostore.relationshiptypestore.db.names] brickCount=0 brickSize=0b mappedMem=0b (storeSize=38b)
2014-12-12 13:56:33.425+0000 INFO  [org.neo4j]: [var\demoGraphDb\neostore.relationshiptypestore.db] brickCount=0 brickSize=0b mappedMem=0b (storeSize=0b)
2014-12-12 13:56:33.426+0000 INFO  [org.neo4j]: [var\demoGraphDb\neostore.labeltokenstore.db.names] brickCount=0 brickSize=0b mappedMem=0b (storeSize=38b)
2014-12-12 13:56:33.427+0000 INFO  [org.neo4j]: [var\demoGraphDb\neostore.labeltokenstore.db] brickCount=0 brickSize=0b mappedMem=0b (storeSize=0b)
2014-12-12 13:56:33.428+0000 INFO  [org.neo4j]: [var\demoGraphDb\neostore.propertystore.db.strings] brickCount=0 brickSize=72320b mappedMem=72351744b (storeSize=128b)
2014-12-12 13:56:33.429+0000 INFO  [org.neo4j]: [var\demoGraphDb\neostore.propertystore.db.index.keys] brickCount=0 brickSize=0b mappedMem=0b (storeSize=38b)
2014-12-12 13:56:33.430+0000 INFO  [org.neo4j]: [var\demoGraphDb\neostore.propertystore.db.index] brickCount=0 brickSize=0b mappedMem=0b (storeSize=0b)
2014-12-12 13:56:33.431+0000 INFO  [org.neo4j]: [var\demoGraphDb\neostore.propertystore.db.arrays] brickCount=0 brickSize=82816b mappedMem=82837504b (storeSize=128b)
2014-12-12 13:56:33.434+0000 INFO  [org.neo4j]: [var\demoGraphDb\neostore.propertystore.db] brickCount=0 brickSize=849315b mappedMem=84934656b (storeSize=0b)
2014-12-12 13:56:33.437+0000 INFO  [org.neo4j]: [var\demoGraphDb\neostore.relationshipstore.db] brickCount=0 brickSize=1048560b mappedMem=104857600b (storeSize=0b)
2014-12-12 13:56:33.438+0000 INFO  [org.neo4j]: [var\demoGraphDb\neostore.nodestore.db.labels] brickCount=0 brickSize=0b mappedMem=0b (storeSize=68b)
2014-12-12 13:56:33.441+0000 INFO  [org.neo4j]: [var\demoGraphDb\neostore.nodestore.db] brickCount=0 brickSize=230685b mappedMem=23068672b (storeSize=0b)
2014-12-12 13:56:33.442+0000 INFO  [org.neo4j]: [var\demoGraphDb\neostore.schemastore.db] brickCount=0 brickSize=0b mappedMem=0b (storeSize=64b)
2014-12-12 13:56:33.445+0000 INFO  [org.neo4j]: [var\demoGraphDb\neostore.relationshipgroupstore.db] brickCount=0 brickSize=0b mappedMem=0b (storeSize=25b)
2014-12-12 13:56:33.446+0000 INFO  [org.neo4j]: [var\demoGraphDb\neostore] brickCount=0 brickSize=0b mappedMem=0b (storeSize=0b)
2014-12-12 13:56:33.452+0000 INFO  [org.neo4j]: var\demoGraphDb\neostore.relationshiptypestore.db.names hit=0 miss=0 switches=0 ooe=0
2014-12-12 13:56:33.454+0000 INFO  [org.neo4j]: var\demoGraphDb\neostore.relationshiptypestore.db hit=0 miss=0 switches=0 ooe=0
2014-12-12 13:56:33.455+0000 INFO  [org.neo4j]: var\demoGraphDb\neostore.labeltokenstore.db.names hit=0 miss=0 switches=0 ooe=0
2014-12-12 13:56:33.456+0000 INFO  [org.neo4j]: var\demoGraphDb\neostore.labeltokenstore.db hit=0 miss=0 switches=0 ooe=0
2014-12-12 13:56:33.458+0000 INFO  [org.neo4j]: var\demoGraphDb\neostore.propertystore.db.strings hit=0 miss=0 switches=0 ooe=0
2014-12-12 13:56:33.459+0000 INFO  [org.neo4j]: var\demoGraphDb\neostore.propertystore.db.index.keys hit=0 miss=0 switches=0 ooe=0
2014-12-12 13:56:33.461+0000 INFO  [org.neo4j]: var\demoGraphDb\neostore.propertystore.db.index hit=0 miss=0 switches=0 ooe=0
2014-12-12 13:56:33.462+0000 INFO  [org.neo4j]: var\demoGraphDb\neostore.propertystore.db.arrays hit=0 miss=0 switches=0 ooe=0
2014-12-12 13:56:33.463+0000 INFO  [org.neo4j]: var\demoGraphDb\neostore.propertystore.db hit=0 miss=0 switches=0 ooe=0
2014-12-12 13:56:33.465+0000 INFO  [org.neo4j]: var\demoGraphDb\neostore.relationshipstore.db hit=0 miss=0 switches=0 ooe=0
2014-12-12 13:56:33.466+0000 INFO  [org.neo4j]: var\demoGraphDb\neostore.nodestore.db.labels hit=0 miss=0 switches=0 ooe=0
2014-12-12 13:56:33.468+0000 INFO  [org.neo4j]: var\demoGraphDb\neostore.nodestore.db hit=0 miss=0 switches=0 ooe=0
2014-12-12 13:56:33.469+0000 INFO  [org.neo4j]: var\demoGraphDb\neostore.schemastore.db hit=0 miss=0 switches=0 ooe=0
2014-12-12 13:56:33.471+0000 INFO  [org.neo4j]: var\demoGraphDb\neostore.relationshipgroupstore.db hit=0 miss=0 switches=0 ooe=0
2014-12-12 13:56:33.473+0000 INFO  [org.neo4j]: var\demoGraphDb\neostore hit=0 miss=10 switches=0 ooe=0
2014-12-12 13:56:33.483+0000 INFO  [org.neo4j]: [var\demoGraphDb\neostore.relationshiptypestore.db.names] brickCount=0 brickSize=0b mappedMem=0b (storeSize=38b)
2014-12-12 13:56:33.484+0000 INFO  [org.neo4j]: [var\demoGraphDb\neostore.relationshiptypestore.db] brickCount=0 brickSize=0b mappedMem=0b (storeSize=0b)
2014-12-12 13:56:33.485+0000 INFO  [org.neo4j]: [var\demoGraphDb\neostore.labeltokenstore.db.names] brickCount=0 brickSize=0b mappedMem=0b (storeSize=38b)
2014-12-12 13:56:33.486+0000 INFO  [org.neo4j]: [var\demoGraphDb\neostore.labeltokenstore.db] brickCount=0 brickSize=0b mappedMem=0b (storeSize=0b)
2014-12-12 13:56:33.487+0000 INFO  [org.neo4j]: [var\demoGraphDb\neostore.propertystore.db.strings] brickCount=0 brickSize=72320b mappedMem=72351744b (storeSize=128b)
2014-12-12 13:56:33.488+0000 INFO  [org.neo4j]: [var\demoGraphDb\neostore.propertystore.db.index.keys] brickCount=0 brickSize=0b mappedMem=0b (storeSize=38b)
2014-12-12 13:56:33.489+0000 INFO  [org.neo4j]: [var\demoGraphDb\neostore.propertystore.db.index] brickCount=0 brickSize=0b mappedMem=0b (storeSize=0b)
2014-12-12 13:56:33.490+0000 INFO  [org.neo4j]: [var\demoGraphDb\neostore.propertystore.db.arrays] brickCount=0 brickSize=82816b mappedMem=82837504b (storeSize=128b)
2014-12-12 13:56:33.491+0000 INFO  [org.neo4j]: [var\demoGraphDb\neostore.propertystore.db] brickCount=0 brickSize=849315b mappedMem=84934656b (storeSize=0b)
2014-12-12 13:56:33.492+0000 INFO  [org.neo4j]: [var\demoGraphDb\neostore.relationshipstore.db] brickCount=0 brickSize=1048560b mappedMem=104857600b (storeSize=0b)
2014-12-12 13:56:33.493+0000 INFO  [org.neo4j]: [var\demoGraphDb\neostore.nodestore.db.labels] brickCount=0 brickSize=0b mappedMem=0b (storeSize=68b)
2014-12-12 13:56:33.494+0000 INFO  [org.neo4j]: [var\demoGraphDb\neostore.nodestore.db] brickCount=0 brickSize=230685b mappedMem=23068672b (storeSize=0b)
2014-12-12 13:56:33.494+0000 INFO  [org.neo4j]: [var\demoGraphDb\neostore.schemastore.db] brickCount=0 brickSize=0b mappedMem=0b (storeSize=64b)
2014-12-12 13:56:33.495+0000 INFO  [org.neo4j]: [var\demoGraphDb\neostore.relationshipgroupstore.db] brickCount=0 brickSize=0b mappedMem=0b (storeSize=25b)
2014-12-12 13:56:33.496+0000 INFO  [org.neo4j]: [var\demoGraphDb\neostore] brickCount=0 brickSize=0b mappedMem=0b (storeSize=81b)
2014-12-12 13:56:33.575+0000 INFO  [org.neo4j]: No lucene scan store index found, this might just be first use. Preparing to rebuild.
2014-12-12 13:56:33.600+0000 INFO  [org.neo4j]: No lucene scan store index found, this might just be first use. Preparing to rebuild.
2014-12-12 13:56:33.699+0000 INFO  [org.neo4j]: Opened logical log [var\demoGraphDb\nioneo_logical.log.1] version=0, lastTxId=1 (clean)
2014-12-12 13:56:33.704+0000 INFO  [org.neo4j]: Rebuilding lucene scan store, this may take a while
2014-12-12 13:56:33.705+0000 INFO  [org.neo4j]: Lucene scan store rebuilt (roughly -1 nodes)
2014-12-12 13:56:33.709+0000 INFO  [org.neo4j]: TM new log: tm_tx_log.1
2014-12-12 13:56:33.715+0000 INFO  [org.neo4j]: Kernel health set to OK
2014-12-12 13:56:33.728+0000 INFO  [org.neo4j]: Opened logical log [var\demoGraphDb\index\lucene.log.1] version=0, lastTxId=1 (clean)
2014-12-12 13:56:33.733+0000 INFO  [org.neo4j]: --- STARTED diagnostics for KernelDiagnostics:Versions START ---
2014-12-12 13:56:33.733+0000 INFO  [org.neo4j]: Graph Database: org.neo4j.kernel.EmbeddedGraphDatabase StoreId{creationTime=1418392593330, randomId=-3136807714674642943, storeVersion=14406081294923270, upgradeTime=1418392593330, upgradeId=-3136807714674642943}
2014-12-12 13:56:33.733+0000 INFO  [org.neo4j]: Kernel version: Neo4j - Graph Database Kernel (neo4j-kernel), version: 2.1.4
2014-12-12 13:56:33.734+0000 INFO  [org.neo4j]: Neo4j component versions:
2014-12-12 13:56:33.745+0000 INFO  [org.neo4j]:   Neo4j - Lucene Index (neo4j-lucene-index), version: 2.1.4; revision: 2.1.4:2.1-maint:472/9e3b31ae01b01caaaa433d8843b81d7c355e8f69
2014-12-12 13:56:33.746+0000 INFO  [org.neo4j]:   Neo4j - JMX support (neo4j-jmx), version: 2.1.4; revision: 2.1.4:2.1-maint:472/9e3b31ae01b01caaaa433d8843b81d7c355e8f69
2014-12-12 13:56:33.746+0000 INFO  [org.neo4j]:   Neo4j - Graph Matching (neo4j-graph-matching), version: 2.1.4; revision: 2.1.4:2.1-maint:472/9e3b31ae01b01caaaa433d8843b81d7c355e8f69
2014-12-12 13:56:33.746+0000 INFO  [org.neo4j]:   Neo4j Server API (server-api), version: 2.1.4; revision: 2.1.4:2.1-maint:472/9e3b31ae01b01caaaa433d8843b81d7c355e8f69
2014-12-12 13:56:33.746+0000 INFO  [org.neo4j]:   Neo4j - Graph Database Kernel (neo4j-kernel), version: 2.1.4; revision: 2.1.4:2.1-maint:472/9e3b31ae01b01caaaa433d8843b81d7c355e8f69
2014-12-12 13:56:33.746+0000 INFO  [org.neo4j]:   Neo4j - Cypher (neo4j-cypher), version: 2.1.4; revision: 2.1.4:2.1-maint:472/9e3b31ae01b01caaaa433d8843b81d7c355e8f69
2014-12-12 13:56:33.746+0000 INFO  [org.neo4j]:   Neo4j - Graph Algorithms (neo4j-graph-algo), version: 2.1.4; revision: 2.1.4:2.1-maint:472/9e3b31ae01b01caaaa433d8843b81d7c355e8f69
2014-12-12 13:56:33.746+0000 INFO  [org.neo4j]:   Neo4j - Cypher Compiler 2.0 (neo4j-cypher-compiler-2.0), version: 2.0.3; revision: 2.0.3:2.0-maint:72/307c563c11b75fdc71cfa6df05daf9b08d6c37dc
2014-12-12 13:56:33.747+0000 INFO  [org.neo4j]:   Neo4j - Generic shell (neo4j-shell), version: 2.1.4; revision: 2.1.4:2.1-maint:472/9e3b31ae01b01caaaa433d8843b81d7c355e8f69
2014-12-12 13:56:33.747+0000 INFO  [org.neo4j]:   Neo4j - Cypher Compiler 1.9 (neo4j-cypher-compiler-1.9), version: 2.0.3; revision: 2.0.3:2.0-maint:72/307c563c11b75fdc71cfa6df05daf9b08d6c37dc
2014-12-12 13:56:33.747+0000 INFO  [org.neo4j]:   neo4j-udc, version: 2.1.4; revision: 2.1.4:2.1-maint:472/9e3b31ae01b01caaaa433d8843b81d7c355e8f69
2014-12-12 13:56:33.747+0000 INFO  [org.neo4j]:   Neo4j - Cypher Commons (neo4j-cypher-commons), version: 2.1.4; revision: 2.1.4:2.1-maint:472/9e3b31ae01b01caaaa433d8843b81d7c355e8f69
2014-12-12 13:56:33.747+0000 INFO  [org.neo4j]: --- STARTED diagnostics for KernelDiagnostics:Versions END ---
2014-12-12 13:56:33.751+0000 INFO  [org.neo4j]: --- STARTED diagnostics for NEO_STORE_VERSIONS START ---
2014-12-12 13:56:33.752+0000 INFO  [org.neo4j]: Store versions:
    Store versions:
      NeoStore v0.A.3
      SchemaStore v0.A.3
      NodeStore v0.A.3
      RelationshipStore v0.A.3
      RelationshipTypeStore v0.A.3
      LabelTokenStore v0.A.3
      PropertyStore v0.A.3
      PropertyIndexStore v0.A.3
      StringPropertyStore v0.A.3
      ArrayPropertyStore v0.A.3
      RelationshipGroupStore v0.A.3
2014-12-12 13:56:33.753+0000 INFO  [org.neo4j]: --- STARTED diagnostics for NEO_STORE_VERSIONS END ---
2014-12-12 13:56:33.753+0000 INFO  [org.neo4j]: --- STARTED diagnostics for NEO_STORE_ID_USAGE START ---
2014-12-12 13:56:33.753+0000 INFO  [org.neo4j]: Id usage:
    Id usage:
      SchemaStore: used=1 high=0
      NodeStore: used=0 high=-1
      RelationshipStore: used=0 high=-1
      RelationshipTypeStore: used=0 high=-1
      LabelTokenStore: used=0 high=-1
      PropertyStore: used=0 high=-1
      PropertyIndexStore: used=0 high=-1
      StringPropertyStore: used=1 high=0
      ArrayPropertyStore: used=1 high=0
      RelationshipGroupStore: used=1 high=0
2014-12-12 13:56:33.755+0000 INFO  [org.neo4j]: --- STARTED diagnostics for NEO_STORE_ID_USAGE END ---
2014-12-12 13:56:33.755+0000 INFO  [org.neo4j]: --- STARTED diagnostics for PERSISTENCE_WINDOW_POOL_STATS START ---
2014-12-12 13:56:33.755+0000 INFO  [org.neo4j]: --- STARTED diagnostics for PERSISTENCE_WINDOW_POOL_STATS END ---
2014-12-12 13:56:33.756+0000 INFO  [org.neo4j]: --- STARTED diagnostics for KernelDiagnostics:StoreFiles START ---
2014-12-12 13:56:33.758+0000 INFO  [org.neo4j]: Disk space on partition (Total / Free / Free %): 119186386944 / 73414549504 / 61
Storage files: (filename : modification date - size)
      active_tx_log: 2014-12-12T21:56:33+0800 - 11.00 B
      index:
        lucene-store.db: 2014-12-12T21:56:33+0800 - 40.00 B
        lucene.log.1: 2014-12-12T21:56:33+0800 - 16.00 B
        lucene.log.active: 2014-12-12T21:56:33+0800 - 4.00 B
      - Total: 2014-12-12T21:56:33+0800 - 60.00 B
      lock: 2014-12-12T21:56:33+0800 - 0.00 B
      messages.log: 2014-12-12T21:56:32+0800 - 28.97 kB
      neostore: 2014-12-12T21:56:33+0800 - 81.00 B
      neostore.id: 2014-12-12T21:56:33+0800 - 9.00 B
      neostore.labeltokenstore.db: 2014-12-12T21:56:33+0800 - 0.00 B
      neostore.labeltokenstore.db.id: 2014-12-12T21:56:33+0800 - 9.00 B
      neostore.labeltokenstore.db.names: 2014-12-12T21:56:33+0800 - 38.00 B
      neostore.labeltokenstore.db.names.id: 2014-12-12T21:56:33+0800 - 9.00 B
      neostore.nodestore.db: 2014-12-12T21:56:33+0800 - 0.00 B
      neostore.nodestore.db.id: 2014-12-12T21:56:33+0800 - 9.00 B
      neostore.nodestore.db.labels: 2014-12-12T21:56:33+0800 - 68.00 B
      neostore.nodestore.db.labels.id: 2014-12-12T21:56:33+0800 - 9.00 B
      neostore.propertystore.db: 2014-12-12T21:56:33+0800 - 0.00 B
      neostore.propertystore.db.arrays: 2014-12-12T21:56:33+0800 - 128.00 B
      neostore.propertystore.db.arrays.id: 2014-12-12T21:56:33+0800 - 9.00 B
      neostore.propertystore.db.id: 2014-12-12T21:56:33+0800 - 9.00 B
      neostore.propertystore.db.index: 2014-12-12T21:56:33+0800 - 0.00 B
      neostore.propertystore.db.index.id: 2014-12-12T21:56:33+0800 - 9.00 B
      neostore.propertystore.db.index.keys: 2014-12-12T21:56:33+0800 - 38.00 B
      neostore.propertystore.db.index.keys.id: 2014-12-12T21:56:33+0800 - 9.00 B
      neostore.propertystore.db.strings: 2014-12-12T21:56:33+0800 - 128.00 B
      neostore.propertystore.db.strings.id: 2014-12-12T21:56:33+0800 - 9.00 B
      neostore.relationshipgroupstore.db: 2014-12-12T21:56:33+0800 - 25.00 B
      neostore.relationshipgroupstore.db.id: 2014-12-12T21:56:33+0800 - 9.00 B
      neostore.relationshipstore.db: 2014-12-12T21:56:33+0800 - 0.00 B
      neostore.relationshipstore.db.id: 2014-12-12T21:56:33+0800 - 9.00 B
      neostore.relationshiptypestore.db: 2014-12-12T21:56:33+0800 - 0.00 B
      neostore.relationshiptypestore.db.id: 2014-12-12T21:56:33+0800 - 9.00 B
      neostore.relationshiptypestore.db.names: 2014-12-12T21:56:33+0800 - 38.00 B
      neostore.relationshiptypestore.db.names.id: 2014-12-12T21:56:33+0800 - 9.00 B
      neostore.schemastore.db: 2014-12-12T21:56:33+0800 - 64.00 B
      neostore.schemastore.db.id: 2014-12-12T21:56:33+0800 - 9.00 B
      nioneo_logical.log.1: 2014-12-12T21:56:33+0800 - 16.00 B
      nioneo_logical.log.active: 2014-12-12T21:56:33+0800 - 4.00 B
      schema:
        label:
          lucene:
            write.lock: 2014-12-12T21:56:33+0800 - 0.00 B
          - Total: 2014-12-12T21:56:33+0800 - 0.00 B
        - Total: 2014-12-12T21:56:33+0800 - 0.00 B
      - Total: 2014-12-12T21:56:33+0800 - 0.00 B
      store_lock: 2014-12-12T21:56:33+0800 - 0.00 B
      tm_tx_log.1: 2014-12-12T21:56:33+0800 - 0.00 B
2014-12-12 13:56:33.778+0000 INFO  [org.neo4j]: --- STARTED diagnostics for KernelDiagnostics:StoreFiles END ---
2014-12-12 13:56:33.837+0000 INFO  [org.neo4j]: GC Monitor started. 
2014-12-12 13:56:33.838+0000 INFO  [org.neo4j]: Database is now ready
2014-12-12 13:56:33.890+0000 INFO  [org.neo4j]: Index population started: [:class(className) [provider: {key=lucene, version=1.0}]]
2014-12-12 13:56:33.919+0000 INFO  [org.neo4j]: Index population completed. Index is now online: [:class(className) [provider: {key=lucene, version=1.0}]]
2014-12-12 13:56:33.995+0000 INFO  [org.neo4j]: Index population started: [:method(methodName) [provider: {key=lucene, version=1.0}]]
2014-12-12 13:56:34.007+0000 INFO  [org.neo4j]: Index population completed. Index is now online: [:method(methodName) [provider: {key=lucene, version=1.0}]]
2014-12-12 13:56:34.100+0000 INFO  [org.neo4j]: Index population started: [:project(projectName) [provider: {key=lucene, version=1.0}]]
2014-12-12 13:56:34.112+0000 INFO  [org.neo4j]: Index population completed. Index is now online: [:project(projectName) [provider: {key=lucene, version=1.0}]]
2014-12-12 13:56:43.228+0000 INFO  [org.neo4j]: GC Monitor: Application threads blocked for an additional 781ms [total block time: 0.781s]
2014-12-12 13:56:49.515+0000 INFO  [org.neo4j]: GC Monitor: Application threads blocked for an additional 1865ms [total block time: 2.646s]
2014-12-12 14:14:52.629+0000 INFO  [org.neo4j]: GC Monitor: Application threads blocked for an additional 1616ms [total block time: 4.262s]
2014-12-12 14:16:12.716+0000 INFO  [org.neo4j]: Rotating [var\demoGraphDb\nioneo_logical.log.1] @ version=0 to var\demoGraphDb\nioneo_logical.log.2 from position 26214416
2014-12-12 14:16:12.718+0000 INFO  [org.neo4j]: Rotate log first start entry @ pos=26214345 out of [66020=Start[66020,xid=GlobalId[NEOKERNL|8981567044272040349|128548|-1], BranchId[ 52 49 52 49 52 49 ],master=-1,me=-1,time=2014-12-12 14:16:12.588+0000/1418393772588,lastCommittedTxWhenTransactionStarted=66018]]
2014-12-12 14:16:12.720+0000 INFO  [org.neo4j]: Rotate: old log scanned, newLog @ pos=87
2014-12-12 14:16:12.727+0000 INFO  [org.neo4j]: Log rotated, newLog @ pos=87, version 1 and last tx 66018
2014-12-12 14:28:31.618+0000 INFO  [org.neo4j]: GC Monitor: Application threads blocked for an additional 2353ms [total block time: 6.615s]
2014-12-12 14:31:56.820+0000 INFO  [org.neo4j]: Rotating [var\demoGraphDb\nioneo_logical.log.2] @ version=1 to var\demoGraphDb\nioneo_logical.log.1 from position 26214516
2014-12-12 14:31:56.821+0000 INFO  [org.neo4j]: Rotate log first start entry @ pos=26214445 out of [134359=Start[134359,xid=GlobalId[NEOKERNL|9202976002413417381|273088|-1], BranchId[ 52 49 52 49 52 49 ],master=-1,me=-1,time=2014-12-12 14:31:56.662+0000/1418394716662,lastCommittedTxWhenTransactionStarted=134357]]
2014-12-12 14:31:56.821+0000 INFO  [org.neo4j]: Rotate: old log scanned, newLog @ pos=87
2014-12-12 14:31:56.825+0000 INFO  [org.neo4j]: Log rotated, newLog @ pos=87, version 2 and last tx 134357
2014-12-12 14:47:39.496+0000 INFO  [org.neo4j]: Rotating [var\demoGraphDb\nioneo_logical.log.1] @ version=2 to var\demoGraphDb\nioneo_logical.log.2 from position 26214429
2014-12-12 14:47:39.497+0000 INFO  [org.neo4j]: Rotate log first start entry @ pos=26214208 out of [201868=Start[201868,xid=GlobalId[NEOKERNL|-5504556937233849345|421894|-1], BranchId[ 52 49 52 49 52 49 ],master=-1,me=-1,time=2014-12-12 14:47:39.394+0000/1418395659394,lastCommittedTxWhenTransactionStarted=201866]]
2014-12-12 14:47:39.531+0000 INFO  [org.neo4j]: Rotate: old log scanned, newLog @ pos=237
2014-12-12 14:47:39.534+0000 INFO  [org.neo4j]: Log rotated, newLog @ pos=237, version 3 and last tx 201866
